2025-03-26 15:26:30,965 - INFO - Scraper started.
2025-03-26 15:26:30,969 - INFO - Cleared existing file: data/coldwell_agents.csv
2025-03-26 15:26:44,633 - INFO - Processing page 1 for Anthem real estate agents
2025-03-26 15:26:45,592 - INFO - Found 25 agents on page 1
2025-03-26 15:26:49,081 - ERROR - Failed to fetch https://www.coldwellbankerhomes.com/az/scottsdale/agent/dennis-erba/aid_219303/: object NoneType can't be used in 'await' expression
2025-03-26 15:26:49,128 - ERROR - Failed to fetch https://www.coldwellbankerhomes.com/az/scottsdale/agent/rhonda-solomon/aid_26141/: object NoneType can't be used in 'await' expression
2025-03-26 15:26:49,155 - ERROR - Failed to fetch https://www.coldwellbankerhomes.com/az/scottsdale/agent/zachary-zach-kriegshauser/aid_208683/: object NoneType can't be used in 'await' expression
2025-03-26 15:26:49,206 - ERROR - Failed to fetch https://www.coldwellbankerhomes.com/az/scottsdale/agent/tamara-tammi-stifel/aid_289453/: object NoneType can't be used in 'await' expression
2025-03-26 15:26:49,252 - ERROR - Failed to fetch https://www.coldwellbankerhomes.com/az/scottsdale/agent/melissa-mccormick-wise/aid_289257/: object NoneType can't be used in 'await' expression
2025-03-26 15:26:49,314 - ERROR - Failed to fetch https://www.coldwellbankerhomes.com/az/scottsdale/agent/curtis-mccormick/aid_289278/: object NoneType can't be used in 'await' expression
2025-03-26 15:26:49,349 - ERROR - Failed to fetch https://www.coldwellbankerhomes.com/az/scottsdale/agent/dominic-scappaticci/aid_69154/: object NoneType can't be used in 'await' expression
2025-03-26 15:26:49,365 - ERROR - Failed to fetch https://www.coldwellbankerhomes.com/az/scottsdale/agent/david-schrand/aid_149682/: object NoneType can't be used in 'await' expression
2025-03-26 15:26:49,379 - ERROR - Failed to fetch https://www.coldwellbankerhomes.com/az/scottsdale/agent/cherie-lang/aid_284098/: object NoneType can't be used in 'await' expression
2025-03-26 15:26:49,404 - ERROR - Failed to fetch https://www.coldwellbankerhomes.com/az/scottsdale/agent/arlene-warren-hernandez/aid_21341/: object NoneType can't be used in 'await' expression
2025-03-26 15:26:49,431 - ERROR - Failed to fetch https://www.coldwellbankerhomes.com/az/scottsdale/agent/lori-davies/aid_171579/: object NoneType can't be used in 'await' expression
2025-03-26 15:26:49,466 - ERROR - Failed to fetch https://www.coldwellbankerhomes.com/az/scottsdale/agent/audrey-fischer/aid_182431/: object NoneType can't be used in 'await' expression
2025-03-26 15:26:49,500 - ERROR - Failed to fetch https://www.coldwellbankerhomes.com/az/scottsdale/agent/louise-haarala/aid_268089/: object NoneType can't be used in 'await' expression
2025-03-26 15:26:49,527 - ERROR - Failed to fetch https://www.coldwellbankerhomes.com/az/scottsdale/agent/john-wallitschek/aid_182465/: object NoneType can't be used in 'await' expression
2025-03-26 15:26:49,564 - ERROR - Failed to fetch https://www.coldwellbankerhomes.com/az/scottsdale/agent/wendy-dobbs/aid_236137/: object NoneType can't be used in 'await' expression
2025-03-26 15:26:49,593 - ERROR - Failed to fetch https://www.coldwellbankerhomes.com/az/scottsdale/agent/dawn-vansickle/aid_187850/: object NoneType can't be used in 'await' expression
2025-03-26 15:26:49,614 - ERROR - Failed to fetch https://www.coldwellbankerhomes.com/az/scottsdale/agent/tom-scappaticci/aid_220132/: object NoneType can't be used in 'await' expression
2025-03-26 15:26:49,636 - ERROR - Failed to fetch https://www.coldwellbankerhomes.com/az/scottsdale/agent/shelby-purdy/aid_198741/: object NoneType can't be used in 'await' expression
2025-03-26 15:26:49,657 - ERROR - Failed to fetch https://www.coldwellbankerhomes.com/az/scottsdale/agent/nadia-alden/aid_236234/: object NoneType can't be used in 'await' expression
2025-03-26 15:26:49,680 - ERROR - Failed to fetch https://www.coldwellbankerhomes.com/az/scottsdale/agent/mark-friedman/aid_215226/: object NoneType can't be used in 'await' expression
2025-03-26 15:26:49,703 - ERROR - Failed to fetch https://www.coldwellbankerhomes.com/az/scottsdale/agent/joshua-josh-dean/aid_231180/: object NoneType can't be used in 'await' expression
2025-03-26 15:26:49,729 - ERROR - Failed to fetch https://www.coldwellbankerhomes.com/az/scottsdale/agent/sandra-moses/aid_27418/: object NoneType can't be used in 'await' expression
2025-03-26 15:26:49,749 - ERROR - Failed to fetch https://www.coldwellbankerhomes.com/az/scottsdale/agent/amanda-geyer/aid_226197/: object NoneType can't be used in 'await' expression
2025-03-26 15:26:49,770 - ERROR - Failed to fetch https://www.coldwellbankerhomes.com/az/scottsdale/agent/mary-mary-ann-birdoes/aid_231205/: object NoneType can't be used in 'await' expression
2025-03-26 15:26:49,788 - ERROR - Failed to fetch https://www.coldwellbankerhomes.com/az/scottsdale/agent/lee-johnson/aid_156078/: object NoneType can't be used in 'await' expression
2025-03-26 15:26:53,505 - INFO - Processing page 2 for Anthem real estate agents
2025-03-26 15:26:53,709 - INFO - Found 25 agents on page 2
2025-03-26 15:26:57,156 - ERROR - Failed to fetch https://www.coldwellbankerhomes.com/az/scottsdale/agent/deana-aller/aid_204736/: object NoneType can't be used in 'await' expression
2025-03-26 15:26:57,434 - ERROR - Failed to fetch https://www.coldwellbankerhomes.com/az/scottsdale/agent/kristen-donovan/aid_156441/: object NoneType can't be used in 'await' expression
2025-03-26 15:26:57,457 - ERROR - Failed to fetch https://www.coldwellbankerhomes.com/az/scottsdale/agent/kevin-downey/aid_97537/: object NoneType can't be used in 'await' expression
2025-03-26 15:26:57,484 - ERROR - Failed to fetch https://www.coldwellbankerhomes.com/az/scottsdale/agent/mila-delaware/aid_27712/: object NoneType can't be used in 'await' expression
2025-03-26 15:26:57,510 - ERROR - Failed to fetch https://www.coldwellbankerhomes.com/az/scottsdale/agent/monica-condomitti/aid_242464/: object NoneType can't be used in 'await' expression
2025-03-26 15:26:57,528 - ERROR - Failed to fetch https://www.coldwellbankerhomes.com/az/scottsdale/agent/oscar-rodriguez/aid_264008/: object NoneType can't be used in 'await' expression
2025-03-26 15:26:57,549 - ERROR - Failed to fetch https://www.coldwellbankerhomes.com/az/scottsdale/agent/jennifer-rogers/aid_280227/: object NoneType can't be used in 'await' expression
2025-03-26 15:26:57,597 - ERROR - Failed to fetch https://www.coldwellbankerhomes.com/az/scottsdale/agent/enza-duda/aid_44073/: object NoneType can't be used in 'await' expression
2025-03-26 15:26:57,615 - ERROR - Failed to fetch https://www.coldwellbankerhomes.com/az/scottsdale/agent/lynn-green/aid_210554/: object NoneType can't be used in 'await' expression
2025-03-26 15:26:57,634 - ERROR - Failed to fetch https://www.coldwellbankerhomes.com/az/scottsdale/agent/james-craig-kelly/aid_44248/: object NoneType can't be used in 'await' expression
2025-03-26 15:26:57,653 - ERROR - Failed to fetch https://www.coldwellbankerhomes.com/az/scottsdale/agent/jeannine-raiffie/aid_168013/: object NoneType can't be used in 'await' expression
2025-03-26 15:26:57,695 - ERROR - Failed to fetch https://www.coldwellbankerhomes.com/az/scottsdale/agent/dean-hoppes/aid_173020/: object NoneType can't be used in 'await' expression
2025-03-26 15:26:57,717 - ERROR - Failed to fetch https://www.coldwellbankerhomes.com/az/scottsdale/agent/jill-stecker/aid_269731/: object NoneType can't be used in 'await' expression
2025-03-26 15:26:57,746 - ERROR - Failed to fetch https://www.coldwellbankerhomes.com/az/scottsdale/agent/thomas-tom-edler/aid_227088/: object NoneType can't be used in 'await' expression
2025-03-26 15:26:57,772 - ERROR - Failed to fetch https://www.coldwellbankerhomes.com/az/scottsdale/agent/gary-holloway/aid_44332/: object NoneType can't be used in 'await' expression
2025-03-26 15:26:57,826 - ERROR - Failed to fetch https://www.coldwellbankerhomes.com/az/scottsdale/agent/crystal-moore/aid_275405/: object NoneType can't be used in 'await' expression
2025-03-26 15:26:57,846 - ERROR - Failed to fetch https://www.coldwellbankerhomes.com/az/scottsdale/agent/elana-nager/aid_44476/: object NoneType can't be used in 'await' expression
2025-03-26 15:26:57,867 - ERROR - Failed to fetch https://www.coldwellbankerhomes.com/az/scottsdale/agent/sandra-sandy-esmay/aid_28282/: object NoneType can't be used in 'await' expression
2025-03-26 15:26:57,881 - ERROR - Failed to fetch https://www.coldwellbankerhomes.com/az/scottsdale/agent/terrie-lescarbeau/aid_157132/: object NoneType can't be used in 'await' expression
2025-03-26 15:26:57,899 - ERROR - Failed to fetch https://www.coldwellbankerhomes.com/az/scottsdale/agent/kimberly-kim-farnsworth/aid_237749/: object NoneType can't be used in 'await' expression
2025-03-26 15:26:57,915 - ERROR - Failed to fetch https://www.coldwellbankerhomes.com/az/scottsdale/agent/patricia-godleski/aid_178651/: object NoneType can't be used in 'await' expression
2025-03-26 15:26:57,946 - ERROR - Failed to fetch https://www.coldwellbankerhomes.com/az/scottsdale/agent/cynthia-cindy-buckhannon/aid_44464/: object NoneType can't be used in 'await' expression
2025-03-26 15:26:57,964 - ERROR - Failed to fetch https://www.coldwellbankerhomes.com/az/scottsdale/agent/pamela-pam-fain/aid_221812/: object NoneType can't be used in 'await' expression
2025-03-26 15:26:57,991 - ERROR - Failed to fetch https://www.coldwellbankerhomes.com/az/scottsdale/agent/donna-hunter/aid_216468/: object NoneType can't be used in 'await' expression
2025-03-26 15:26:58,008 - ERROR - Failed to fetch https://www.coldwellbankerhomes.com/az/scottsdale/agent/candice-candy-jenkins/aid_216457/: object NoneType can't be used in 'await' expression
2025-03-26 15:27:01,220 - INFO - Processing page 3 for Anthem real estate agents
2025-03-26 15:27:01,443 - INFO - Found 25 agents on page 3
2025-03-26 15:27:04,815 - ERROR - Failed to fetch https://www.coldwellbankerhomes.com/az/scottsdale/agent/paige-dutcher/aid_275509/: object NoneType can't be used in 'await' expression
2025-03-26 15:27:05,037 - ERROR - Failed to fetch https://www.coldwellbankerhomes.com/az/scottsdale/agent/mariah-cantrell/aid_238013/: object NoneType can't be used in 'await' expression
2025-03-26 15:27:05,197 - ERROR - Failed to fetch https://www.coldwellbankerhomes.com/az/scottsdale/agent/shawn-keane/aid_44864/: object NoneType can't be used in 'await' expression
2025-03-26 15:27:05,282 - ERROR - Failed to fetch https://www.coldwellbankerhomes.com/az/scottsdale/agent/steve-fanto/aid_270277/: object NoneType can't be used in 'await' expression
2025-03-26 15:27:05,469 - ERROR - Failed to fetch https://www.coldwellbankerhomes.com/az/scottsdale/agent/cheryl-linden/aid_227483/: object NoneType can't be used in 'await' expression
2025-03-26 15:27:05,504 - ERROR - Failed to fetch https://www.coldwellbankerhomes.com/az/scottsdale/agent/charles-turner/aid_18224/: object NoneType can't be used in 'await' expression
2025-03-26 15:27:05,529 - ERROR - Failed to fetch https://www.coldwellbankerhomes.com/az/scottsdale/agent/james-telich/aid_18225/: object NoneType can't be used in 'await' expression
2025-03-26 15:27:05,545 - ERROR - Failed to fetch https://www.coldwellbankerhomes.com/az/scottsdale/agent/eric-linden/aid_189795/: object NoneType can't be used in 'await' expression
2025-03-26 15:27:05,575 - ERROR - Failed to fetch https://www.coldwellbankerhomes.com/az/scottsdale/agent/sandra-sandi-hess/aid_18468/: object NoneType can't be used in 'await' expression
2025-03-26 15:27:05,678 - ERROR - Failed to fetch https://www.coldwellbankerhomes.com/az/scottsdale/agent/cristina-crisi-mintz/aid_275938/: object NoneType can't be used in 'await' expression
2025-03-26 15:27:05,806 - ERROR - Failed to fetch https://www.coldwellbankerhomes.com/az/scottsdale/agent/kerri-schrand/aid_45181/: object NoneType can't be used in 'await' expression
2025-03-26 15:27:05,964 - ERROR - Failed to fetch https://www.coldwellbankerhomes.com/az/scottsdale/agent/rebecca-norton/aid_265205/: object NoneType can't be used in 'await' expression
2025-03-26 15:27:05,982 - ERROR - Failed to fetch https://www.coldwellbankerhomes.com/az/scottsdale/agent/dana-winter/aid_227645/: object NoneType can't be used in 'await' expression
2025-03-26 15:27:06,006 - ERROR - Failed to fetch https://www.coldwellbankerhomes.com/az/scottsdale/agent/megan-fernandez/aid_18464/: object NoneType can't be used in 'await' expression
2025-03-26 15:27:06,064 - ERROR - Failed to fetch https://www.coldwellbankerhomes.com/az/scottsdale/agent/john-schuetze/aid_23946/: object NoneType can't be used in 'await' expression
2025-03-26 15:27:06,137 - ERROR - Failed to fetch https://www.coldwellbankerhomes.com/az/scottsdale/agent/gary-frantz/aid_18473/: object NoneType can't be used in 'await' expression
2025-03-26 15:27:06,179 - ERROR - Failed to fetch https://www.coldwellbankerhomes.com/az/scottsdale/agent/gerald-jerry-tulman/aid_18564/: object NoneType can't be used in 'await' expression
2025-03-26 15:27:06,203 - ERROR - Failed to fetch https://www.coldwellbankerhomes.com/az/scottsdale/agent/mary-ann-davis/aid_18605/: object NoneType can't be used in 'await' expression
2025-03-26 15:27:06,242 - ERROR - Failed to fetch https://www.coldwellbankerhomes.com/az/scottsdale/agent/timothy-york/aid_238751/: object NoneType can't be used in 'await' expression
2025-03-26 15:27:06,269 - ERROR - Failed to fetch https://www.coldwellbankerhomes.com/az/scottsdale/agent/heather-miller/aid_18640/: object NoneType can't be used in 'await' expression
2025-03-26 15:27:06,295 - ERROR - Failed to fetch https://www.coldwellbankerhomes.com/az/scottsdale/agent/katharine-katy-curtis/aid_24209/: object NoneType can't be used in 'await' expression
2025-03-26 15:27:06,316 - ERROR - Failed to fetch https://www.coldwellbankerhomes.com/az/scottsdale/agent/martin-marty-mogalian/aid_18641/: object NoneType can't be used in 'await' expression
2025-03-26 15:27:06,344 - ERROR - Failed to fetch https://www.coldwellbankerhomes.com/az/scottsdale/agent/nicolette-nikki-norton/aid_281716/: object NoneType can't be used in 'await' expression
2025-03-26 15:27:06,377 - ERROR - Failed to fetch https://www.coldwellbankerhomes.com/az/scottsdale/agent/alfred-monsalvatge/aid_45435/: object NoneType can't be used in 'await' expression
2025-03-26 15:27:06,401 - ERROR - Failed to fetch https://www.coldwellbankerhomes.com/az/scottsdale/team/the-hunter-jenkins-group/tid_2829/: object NoneType can't be used in 'await' expression
2025-03-26 15:27:10,112 - INFO - Processing page 4 for Anthem real estate agents
2025-03-26 15:27:10,472 - INFO - Found 25 agents on page 4
2025-03-26 15:27:14,216 - ERROR - Failed to fetch https://www.coldwellbankerhomes.com/az/scottsdale/agent/kenneth-kenny-knight/aid_24321/: object NoneType can't be used in 'await' expression
2025-03-26 15:27:14,464 - ERROR - Failed to fetch https://www.coldwellbankerhomes.com/az/scottsdale/agent/stacy-eaton/aid_46570/: object NoneType can't be used in 'await' expression
2025-03-26 15:27:14,668 - ERROR - Failed to fetch https://www.coldwellbankerhomes.com/az/scottsdale/agent/barbara-prizeman/aid_180177/: object NoneType can't be used in 'await' expression
2025-03-26 15:27:14,730 - ERROR - Failed to fetch https://www.coldwellbankerhomes.com/az/scottsdale/agent/robert-bob-pfeiffer/aid_19126/: object NoneType can't be used in 'await' expression
2025-03-26 15:27:14,764 - ERROR - Failed to fetch https://www.coldwellbankerhomes.com/az/scottsdale/agent/connie-mcgregor/aid_282022/: object NoneType can't be used in 'await' expression
2025-03-26 15:27:14,783 - ERROR - Failed to fetch https://www.coldwellbankerhomes.com/az/scottsdale/agent/benjamin-ben-curtin/aid_223725/: object NoneType can't be used in 'await' expression
2025-03-26 15:27:15,012 - ERROR - Failed to fetch https://www.coldwellbankerhomes.com/az/scottsdale/agent/lisa-stine/aid_148796/: object NoneType can't be used in 'await' expression
2025-03-26 15:27:15,083 - ERROR - Failed to fetch https://www.coldwellbankerhomes.com/az/scottsdale/agent/eric-hess/aid_25276/: object NoneType can't be used in 'await' expression
2025-03-26 15:27:15,132 - ERROR - Failed to fetch https://www.coldwellbankerhomes.com/az/scottsdale/agent/noemie-neipert/aid_239858/: object NoneType can't be used in 'await' expression
2025-03-26 15:27:15,234 - ERROR - Failed to fetch https://www.coldwellbankerhomes.com/az/scottsdale/agent/jo-ann-bauer/aid_196856/: object NoneType can't be used in 'await' expression
2025-03-26 15:27:15,301 - ERROR - Failed to fetch https://www.coldwellbankerhomes.com/az/scottsdale/agent/misty-dibella/aid_89558/: object NoneType can't be used in 'await' expression
2025-03-26 15:27:15,327 - ERROR - Failed to fetch https://www.coldwellbankerhomes.com/az/scottsdale/agent/jessica-pile/aid_36087/: object NoneType can't be used in 'await' expression
2025-03-26 15:27:15,383 - ERROR - Failed to fetch https://www.coldwellbankerhomes.com/az/scottsdale/agent/bibianna-baez/aid_283134/: object NoneType can't be used in 'await' expression
2025-03-26 15:27:15,454 - ERROR - Failed to fetch https://www.coldwellbankerhomes.com/az/scottsdale/agent/corinne-cori-bender/aid_36123/: object NoneType can't be used in 'await' expression
2025-03-26 15:27:15,491 - ERROR - Failed to fetch https://www.coldwellbankerhomes.com/az/scottsdale/agent/dragosh-d-andre-nicu/aid_256437/: object NoneType can't be used in 'await' expression
2025-03-26 15:27:15,516 - ERROR - Failed to fetch https://www.coldwellbankerhomes.com/az/scottsdale/agent/carol-campbell/aid_90050/: object NoneType can't be used in 'await' expression
2025-03-26 15:27:15,542 - ERROR - Failed to fetch https://www.coldwellbankerhomes.com/az/scottsdale/agent/amanda-mandy-bennett/aid_245942/: object NoneType can't be used in 'await' expression
2025-03-26 15:27:15,591 - ERROR - Failed to fetch https://www.coldwellbankerhomes.com/az/scottsdale/agent/william-bill-ciora/aid_15020/: object NoneType can't be used in 'await' expression
2025-03-26 15:27:15,676 - ERROR - Failed to fetch https://www.coldwellbankerhomes.com/az/scottsdale/agent/michelle-perry/aid_218875/: object NoneType can't be used in 'await' expression
2025-03-26 15:27:15,709 - ERROR - Failed to fetch https://www.coldwellbankerhomes.com/az/scottsdale/agent/peggy-nelson/aid_149406/: object NoneType can't be used in 'await' expression
2025-03-26 15:27:15,755 - ERROR - Failed to fetch https://www.coldwellbankerhomes.com/az/scottsdale/agent/kathleen-erba/aid_219126/: object NoneType can't be used in 'await' expression
2025-03-26 15:27:15,792 - ERROR - Failed to fetch https://www.coldwellbankerhomes.com/az/scottsdale/agent/bruce-woods/aid_251237/: object NoneType can't be used in 'await' expression
2025-03-26 15:27:15,810 - ERROR - Failed to fetch https://www.coldwellbankerhomes.com/az/scottsdale/agent/larisa-falcon/aid_229876/: object NoneType can't be used in 'await' expression
2025-03-26 15:27:15,833 - ERROR - Failed to fetch https://www.coldwellbankerhomes.com/az/scottsdale/agent/brian-elliott/aid_197709/: object NoneType can't be used in 'await' expression
2025-03-26 15:27:15,853 - ERROR - Failed to fetch https://www.coldwellbankerhomes.com/az/scottsdale/agent/denise-monaghan-oconnell/aid_288946/: object NoneType can't be used in 'await' expression
2025-03-26 15:27:18,924 - INFO - Processing page 5 for Anthem real estate agents
2025-03-26 15:27:19,289 - INFO - Found 11 agents on page 5
2025-03-26 15:27:21,323 - ERROR - Failed to fetch https://www.coldwellbankerhomes.com/az/scottsdale/agent/hillari-hardt/aid_274437/: object NoneType can't be used in 'await' expression
2025-03-26 15:27:21,413 - ERROR - Failed to fetch https://www.coldwellbankerhomes.com/az/scottsdale/agent/john-smith/aid_187874/: object NoneType can't be used in 'await' expression
2025-03-26 15:27:21,638 - ERROR - Failed to fetch https://www.coldwellbankerhomes.com/az/scottsdale/agent/danielle-mcbride/aid_147273/: object NoneType can't be used in 'await' expression
2025-03-26 15:27:21,662 - ERROR - Failed to fetch https://www.coldwellbankerhomes.com/az/scottsdale/agent/sean-berdy/aid_279133/: object NoneType can't be used in 'await' expression
2025-03-26 15:27:21,758 - ERROR - Failed to fetch https://www.coldwellbankerhomes.com/az/scottsdale/agent/noralicia-flores-de-valdez/aid_188984/: object NoneType can't be used in 'await' expression
2025-03-26 15:27:21,801 - ERROR - Failed to fetch https://www.coldwellbankerhomes.com/az/scottsdale/agent/julie-charron/aid_258661/: object NoneType can't be used in 'await' expression
2025-03-26 15:27:21,831 - ERROR - Failed to fetch https://www.coldwellbankerhomes.com/az/scottsdale/agent/chloe-skorpikova/aid_264881/: object NoneType can't be used in 'await' expression
2025-03-26 15:27:21,863 - ERROR - Failed to fetch https://www.coldwellbankerhomes.com/az/scottsdale/agent/kurt-fischer/aid_271389/: object NoneType can't be used in 'await' expression
2025-03-26 15:27:21,897 - ERROR - Failed to fetch https://www.coldwellbankerhomes.com/az/scottsdale/agent/theofanis-theo-christakos/aid_217074/: object NoneType can't be used in 'await' expression
2025-03-26 15:27:21,917 - ERROR - Failed to fetch https://www.coldwellbankerhomes.com/az/scottsdale/agent/regina-levin/aid_258479/: object NoneType can't be used in 'await' expression
2025-03-26 15:27:21,953 - ERROR - Failed to fetch https://www.coldwellbankerhomes.com/az/scottsdale/agent/brock-moses/aid_174753/: object NoneType can't be used in 'await' expression
2025-03-26 15:27:22,994 - ERROR - Scraping error: ElementHandle.query_selector: Protocol error (DOM.describeNode): Cannot find context with specified id
2025-03-26 15:27:23,051 - INFO - Saved 111 agents to data/coldwell_agents.csv
2025-03-26 15:27:27,150 - INFO - Email sent: completed
